Сборка начата 31.03.2022 19:13:48.
Уровень детализации журнала: Normal.     1>Проект "D:\Структуры даннх\Lab4\Lab4\Lab4.vcxproj" в узле 2 (целевые объекты Build).
     1>InitializeBuildStatus:
         Создание "Debug\Lab4.tlog\unsuccessfulbuild", так как было задано "AlwaysCreate".
       ClCompile:
         C:\Program Files (x86)\Microsoft Visual Studio\2019\Professional\VC\Tools\MSVC\14.29.30133\bin\HostX86\x86\CL.exe /c /ZI /JMC /nologo /W3 /WX- /diagnostics:column /sdl /Od /Oy- /D WIN32 /D _DEBUG /D _CONSOLE /D _UNICODE /D UNICODE /Gm- /EHsc /RTC1 /MDd /GS /fp:precise /permissive- /Zc:wchar_t /Zc:forScope /Zc:inline /Fo"Debug\\" /Fd"Debug\vc142.pdb" /external:W3 /Gd /TP /analyze- /FC /errorReport:prompt Lab4.cpp
         Lab4.cpp
     1>D:\Структуры даннх\Lab4\Lab4\Lab4.cpp(10,1): warning C4326: возвращаемый тип "main" должен быть "int", а не "void"
     1>D:\Структуры даннх\Lab4\Lab4\Lab4.cpp(13,15): warning C4244: аргумент: преобразование "time_t" в "unsigned int", возможна потеря данных
       Link:
         C:\Program Files (x86)\Microsoft Visual Studio\2019\Professional\VC\Tools\MSVC\14.29.30133\bin\HostX86\x86\link.exe /ERRORREPORT:PROMPT /OUT:"D:\Структуры даннх\Lab4\Debug\Lab4.exe" /INCREMENTAL /ILK:"Debug\Lab4.ilk" /NOLOGO kernel32.lib user32.lib gdi32.lib winspool.lib comdlg32.lib advapi32.lib shell32.lib ole32.lib oleaut32.lib uuid.lib odbc32.lib odbccp32.lib /MANIFEST /MANIFESTUAC:"level='asInvoker' uiAccess='false'" /manifest:embed /DEBUG /PDB:"D:\Структуры даннх\Lab4\Debug\Lab4.pdb" /SUBSYSTEM:CONSOLE /TLBID:1 /DYNAMICBASE /NXCOMPAT /IMPLIB:"D:\Структуры даннх\Lab4\Debug\Lab4.lib" /MACHINE:X86 Debug\Lab4.obj
         Lab4.vcxproj -> D:\Структуры даннх\Lab4\Debug\Lab4.exe
       FinalizeBuildStatus:
         Файл "Debug\Lab4.tlog\unsuccessfulbuild" удаляется.
         Обращение к "Debug\Lab4.tlog\Lab4.lastbuildstate".
     1>Сборка проекта "D:\Структуры даннх\Lab4\Lab4\Lab4.vcxproj" завершена (целевые объекты Build).

Сборка успешно завершена.

       "D:\Структуры даннх\Lab4\Lab4\Lab4.vcxproj" (целевой объект Build ) (1) ->
       (Целевой объект ClCompile) -> 
         D:\Структуры даннх\Lab4\Lab4\Lab4.cpp(10,1): warning C4326: возвращаемый тип "main" должен быть "int", а не "void"
         D:\Структуры даннх\Lab4\Lab4\Lab4.cpp(13,15): warning C4244: аргумент: преобразование "time_t" в "unsigned int", возможна потеря данных

    Предупреждений: 2
    Ошибок: 0

Прошло времени 00:00:00.98
