Сборка начата 25.05.2022 2:07:57.
Уровень детализации журнала: Normal.     1>Проект "D:\Структуры даннх\LAB5\LAB5\LAB5.vcxproj" в узле 2 (целевые объекты Build).
     1>InitializeBuildStatus:
         Создание "Debug\LAB5.tlog\unsuccessfulbuild", так как было задано "AlwaysCreate".
       ClCompile:
         C:\Program Files (x86)\Microsoft Visual Studio\2019\Professional\VC\Tools\MSVC\14.29.30133\bin\HostX86\x86\CL.exe /c /ZI /JMC /nologo /W3 /WX- /diagnostics:column /sdl /Od /Oy- /D WIN32 /D _DEBUG /D _CONSOLE /D _UNICODE /D UNICODE /Gm- /EHsc /RTC1 /MDd /GS /fp:precise /permissive- /Zc:wchar_t /Zc:forScope /Zc:inline /Fo"Debug\\" /Fd"Debug\vc142.pdb" /external:W3 /Gd /TP /analyze- /FC /errorReport:prompt LAB5.cpp
         LAB5.cpp
     1>D:\Структуры даннх\LAB5\LAB5\ST.h(4,10): warning C4067: непредвиденные лексемы за директивой препроцессора, требуется newline
     1>D:\Структуры даннх\LAB5\LAB5\LAB5.cpp(4,1): warning C4326: возвращаемый тип "main" должен быть "int", а не "void"
       Link:
         C:\Program Files (x86)\Microsoft Visual Studio\2019\Professional\VC\Tools\MSVC\14.29.30133\bin\HostX86\x86\link.exe /ERRORREPORT:PROMPT /OUT:"D:\Структуры даннх\LAB5\Debug\LAB5.exe" /INCREMENTAL /ILK:"Debug\LAB5.ilk" /NOLOGO kernel32.lib user32.lib gdi32.lib winspool.lib comdlg32.lib advapi32.lib shell32.lib ole32.lib oleaut32.lib uuid.lib odbc32.lib odbccp32.lib /MANIFEST /MANIFESTUAC:"level='asInvoker' uiAccess='false'" /manifest:embed /DEBUG /PDB:"D:\Структуры даннх\LAB5\Debug\LAB5.pdb" /SUBSYSTEM:CONSOLE /TLBID:1 /DYNAMICBASE /NXCOMPAT /IMPLIB:"D:\Структуры даннх\LAB5\Debug\LAB5.lib" /MACHINE:X86 Debug\LAB5.obj
         Debug\stack.obj
         LAB5.vcxproj -> D:\Структуры даннх\LAB5\Debug\LAB5.exe
       FinalizeBuildStatus:
         Файл "Debug\LAB5.tlog\unsuccessfulbuild" удаляется.
         Обращение к "Debug\LAB5.tlog\LAB5.lastbuildstate".
     1>Сборка проекта "D:\Структуры даннх\LAB5\LAB5\LAB5.vcxproj" завершена (целевые объекты Build).

Сборка успешно завершена.

       "D:\Структуры даннх\LAB5\LAB5\LAB5.vcxproj" (целевой объект Build ) (1) ->
       (Целевой объект ClCompile) -> 
         D:\Структуры даннх\LAB5\LAB5\ST.h(4,10): warning C4067: непредвиденные лексемы за директивой препроцессора, требуется newline
         D:\Структуры даннх\LAB5\LAB5\LAB5.cpp(4,1): warning C4326: возвращаемый тип "main" должен быть "int", а не "void"

    Предупреждений: 2
    Ошибок: 0

Прошло времени 00:00:00.60
